<?xml version="1.0" encoding="UTF-8"?>
<testng-results skipped="0" failed="0" total="1" passed="1">
  <reporter-output>
  </reporter-output>
  <suite name="pom" duration-ms="25397" started-at="2017-08-18T00:10:16Z" finished-at="2017-08-18T00:10:41Z">
    <groups>
    </groups>
    <test name="on automation" duration-ms="25397" started-at="2017-08-18T00:10:16Z" finished-at="2017-08-18T00:10:41Z">
      <class name="grid.Automation">
        <test-method status="PASS" signature="HomePageTest()[pri:0, instance:grid.Automation@387c703b]" name="HomePageTest" duration-ms="25385" started-at="2017-08-17T19:10:16Z" finished-at="2017-08-17T19:10:41Z">
          <reporter-output>
          </reporter-output>
        </test-method> <!-- HomePageTest -->
      </class> <!-- grid.Automation -->
    </test> <!-- on automation -->
  </suite> <!-- pom -->
</testng-results>
